#
# There is insufficient memory for the Java Runtime Environment to continue.
# Native memory allocation (mmap) failed to map 130023424 bytes. Error detail: G1 virtual space
# Possible reasons:
#   The system is out of physical RAM or swap space
#   This process is running with CompressedOops enabled, and the Java Heap may be blocking the growth of the native heap
# Possible solutions:
#   Reduce memory load on the system
#   Increase physical memory or swap space
#   Check if swap backing store is full
#   Decrease Java heap size (-Xmx/-Xms)
#   Decrease number of Java threads
#   Decrease Java thread stack sizes (-Xss)
#   Set larger code cache with -XX:ReservedCodeCacheSize=
#   JVM is running with Unscaled Compressed Oops mode in which the Java heap is
#     placed in the first 4GB address space. The Java Heap base address is the
#     maximum limit for the native heap growth. Please use -XX:HeapBaseMinAddress
#     to set the Java Heap base and to place the Java Heap above 4GB virtual address.
# This output file may be truncated or incomplete.
#
#  Out of Memory Error (os_windows.cpp:3898), pid=26516, tid=33524
#
# JRE version:  (21.0.6) (build )
# Java VM: OpenJDK 64-Bit Server VM (21.0.6+-13355223-b631.42, mixed mode, sharing, tiered, compressed oops, compressed class ptrs, g1 gc, windows-amd64)
# No core dump will be written. Minidumps are not enabled by default on client versions of Windows
#

---------------  S U M M A R Y ------------

Command Line: git4idea.http.GitAskPassApp Username for 'https://github.com': 

Host: 12th Gen Intel(R) Core(TM) i5-1235U, 12 cores, 7G,  Windows 11 , 64 bit Build 22621 (10.0.22621.5415)
Time: Tue Jun 17 17:21:46 2025 SE Asia Standard Time elapsed time: 0.065234 seconds (0d 0h 0m 0s)

---------------  T H R E A D  ---------------

Current thread (0x00000255618b6df0):  JavaThread "Unknown thread" [_thread_in_vm, id=33524, stack(0x000000fa5d400000,0x000000fa5d500000) (1024K)]

Stack: [0x000000fa5d400000,0x000000fa5d500000]
Native frames: (J=compiled Java code, j=interpreted, Vv=VM code, C=native code)
V  [jvm.dll+0x6d05a9]
V  [jvm.dll+0x85ea73]
V  [jvm.dll+0x860fce]
V  [jvm.dll+0x8616b3]
V  [jvm.dll+0x27e6e6]
V  [jvm.dll+0x6ccf45]
V  [jvm.dll+0x6c09fa]
V  [jvm.dll+0x35535b]
V  [jvm.dll+0x35cfb6]
V  [jvm.dll+0x3aef46]
V  [jvm.dll+0x3af218]
V  [jvm.dll+0x327a2c]
V  [jvm.dll+0x32871b]
V  [jvm.dll+0x8264b9]
V  [jvm.dll+0x3bc118]
V  [jvm.dll+0x80f768]
V  [jvm.dll+0x4502ce]
V  [jvm.dll+0x451a31]
C  [jli.dll+0x52ab]
C  [ucrtbase.dll+0x29333]
C  [KERNEL32.DLL+0x1259d]
C  [ntdll.dll+0x5af78]


---------------  P R O C E S S  ---------------

Threads class SMR info:
_java_thread_list=0x00007ffaea561848, length=0, elements={
}

Java Threads: ( => current thread )
Total: 0

Other Threads:
  0x0000025563c42010 WorkerThread "GC Thread#0"                     [id=32232, stack(0x000000fa5d500000,0x000000fa5d600000) (1024K)]
  0x0000025563c52630 ConcurrentGCThread "G1 Main Marker"            [id=424, stack(0x000000fa5d600000,0x000000fa5d700000) (1024K)]
  0x0000025563c532a0 WorkerThread "G1 Conc#0"                       [id=18708, stack(0x000000fa5d700000,0x000000fa5d800000) (1024K)]

[error occurred during error reporting (printing all threads), id 0xc0000005, EXCEPTION_ACCESS_VIOLATION (0xc0000005) at pc=0x00007ffae9d5aa67]
VM state: not at safepoint (not fully initialized)

VM Mutex/Monitor currently owned by a thread:  ([mutex/lock_event])
[0x00007ffaea5ce4a0] Heap_lock - owner thread: 0x00000255618b6df0

Heap address: 0x0000000084e00000, size: 1970 MB, Compressed Oops mode: 32-bit

CDS archive(s) mapped at: [0x0000000000000000-0x0000000000000000-0x0000000000000000), size 0, SharedBaseAddress: 0x0000000800000000, ArchiveRelocationMode: 1.
Narrow klass base: 0x0000000000000000, Narrow klass shift: 0, Narrow klass range: 0x0

GC Precious Log:
 CardTable entry size: 512
 Card Set container configuration: InlinePtr #cards 5 size 8 Array Of Cards #cards 12 size 40 Howl #buckets 4 coarsen threshold 1843 Howl Bitmap #cards 512 size 80 coarsen threshold 460 Card regions per heap region 1 cards per card region 2048

Heap:
 garbage-first heap   total 0K, used 0K [0x0000000084e00000, 0x0000000100000000)
  region size 1024K, 0 young (0K), 0 survivors (0K)
 Metaspace       used 0K, committed 0K, reserved 0K
  class space    used 0K, committed 0K, reserved 0K

Heap Regions: E=young(eden), S=young(survivor), O=old, HS=humongous(starts), HC=humongous(continues), CS=collection set, F=free, TAMS=top-at-mark-start, PB=parsable bottom

Card table byte_map: [0x0000025576680000,0x0000025576a60000] _byte_map_base: 0x0000025576259000

Marking Bits: (CMBitMap*) 0x0000025563c42710
 Bits: [0x0000025576a60000, 0x0000025578928000)

GC Heap History (0 events):
No events

Dll operation events (1 events):
Event: 0.023 Loaded shared library C:\Program Files\Android\Android Studio\jbr\bin\java.dll

Deoptimization events (0 events):
No events

Classes loaded (0 events):
No events

Classes unloaded (0 events):
No events

Classes redefined (0 events):
No events

Internal exceptions (0 events):
No events

ZGC Phase Switch (0 events):
No events

VM Operations (0 events):
No events

Memory protections (0 events):
No events

Nmethod flushes (0 events):
No events

Events (0 events):
No events


Dynamic libraries:
0x00007ff78b9a0000 - 0x00007ff78b9aa000 	C:\Program Files\Android\Android Studio\jbr\bin\java.exe
0x00007ffb7de90000 - 0x00007ffb7e0a7000 	C:\WINDOWS\SYSTEM32\ntdll.dll
0x00007ffb7d720000 - 0x00007ffb7d7e4000 	C:\WINDOWS\System32\KERNEL32.DLL
0x00007ffb7b0a0000 - 0x00007ffb7b472000 	C:\WINDOWS\System32\KERNELBASE.dll
0x00007ffb7b5b0000 - 0x00007ffb7b6c1000 	C:\WINDOWS\System32\ucrtbase.dll
0x00007ffb6cb80000 - 0x00007ffb6cb98000 	C:\Program Files\Android\Android Studio\jbr\bin\jli.dll
0x00007ffb6e160000 - 0x00007ffb6e17b000 	C:\Program Files\Android\Android Studio\jbr\bin\VCRUNTIME140.dll
0x00007ffb7d2c0000 - 0x00007ffb7d471000 	C:\WINDOWS\System32\USER32.dll
0x00007ffb7b070000 - 0x00007ffb7b096000 	C:\WINDOWS\System32\win32u.dll
0x00007ffb7bba0000 - 0x00007ffb7bbc9000 	C:\WINDOWS\System32\GDI32.dll
0x00007ffb5f380000 - 0x00007ffb5f61b000 	C:\WINDOWS\WinSxS\amd64_microsoft.windows.common-controls_6595b64144ccf1df_6.0.22621.5415_none_270d77d17387d7da\COMCTL32.dll
0x00007ffb7d120000 - 0x00007ffb7d1c7000 	C:\WINDOWS\System32\msvcrt.dll
0x00007ffb7b480000 - 0x00007ffb7b5a3000 	C:\WINDOWS\System32\gdi32full.dll
0x00007ffb7b840000 - 0x00007ffb7b8da000 	C:\WINDOWS\System32\msvcp_win.dll
0x00007ffb7c9f0000 - 0x00007ffb7ca21000 	C:\WINDOWS\System32\IMM32.DLL
0x00007ffb6d590000 - 0x00007ffb6d59c000 	C:\Program Files\Android\Android Studio\jbr\bin\vcruntime140_1.dll
0x00007ffb32d10000 - 0x00007ffb32d9d000 	C:\Program Files\Android\Android Studio\jbr\bin\msvcp140.dll
0x00007ffae9a20000 - 0x00007ffaea6ab000 	C:\Program Files\Android\Android Studio\jbr\bin\server\jvm.dll
0x00007ffb7d480000 - 0x00007ffb7d531000 	C:\WINDOWS\System32\ADVAPI32.dll
0x00007ffb7dcc0000 - 0x00007ffb7dd68000 	C:\WINDOWS\System32\sechost.dll
0x00007ffb7b040000 - 0x00007ffb7b068000 	C:\WINDOWS\System32\bcrypt.dll
0x00007ffb7c6f0000 - 0x00007ffb7c804000 	C:\WINDOWS\System32\RPCRT4.dll
0x00007ffb7bcb0000 - 0x00007ffb7bd21000 	C:\WINDOWS\System32\WS2_32.dll
0x00007ffb7ae50000 - 0x00007ffb7ae9d000 	C:\WINDOWS\SYSTEM32\POWRPROF.dll
0x00007ffb6d360000 - 0x00007ffb6d36a000 	C:\WINDOWS\SYSTEM32\VERSION.dll
0x00007ffb783e0000 - 0x00007ffb78414000 	C:\WINDOWS\SYSTEM32\WINMM.dll
0x00007ffb7ae30000 - 0x00007ffb7ae43000 	C:\WINDOWS\SYSTEM32\UMPDC.dll
0x00007ffb79f70000 - 0x00007ffb79f88000 	C:\WINDOWS\SYSTEM32\kernel.appcore.dll
0x00007ffb6d580000 - 0x00007ffb6d58a000 	C:\Program Files\Android\Android Studio\jbr\bin\jimage.dll
0x00007ffb78870000 - 0x00007ffb78aa3000 	C:\WINDOWS\SYSTEM32\DBGHELP.DLL
0x00007ffb7cd80000 - 0x00007ffb7d113000 	C:\WINDOWS\System32\combase.dll
0x00007ffb7bbd0000 - 0x00007ffb7bca7000 	C:\WINDOWS\System32\OLEAUT32.dll
0x00007ffb6e460000 - 0x00007ffb6e492000 	C:\WINDOWS\SYSTEM32\dbgcore.DLL
0x00007ffb7baa0000 - 0x00007ffb7bb1b000 	C:\WINDOWS\System32\bcryptPrimitives.dll
0x00007ffb6d560000 - 0x00007ffb6d580000 	C:\Program Files\Android\Android Studio\jbr\bin\java.dll

dbghelp: loaded successfully - version: 4.0.5 - missing functions: none
symbol engine: initialized successfully - sym options: 0x614 - pdb path: .;C:\Program Files\Android\Android Studio\jbr\bin;C:\WINDOWS\SYSTEM32;C:\WINDOWS\WinSxS\amd64_microsoft.windows.common-controls_6595b64144ccf1df_6.0.22621.5415_none_270d77d17387d7da;C:\Program Files\Android\Android Studio\jbr\bin\server

VM Arguments:
java_command: git4idea.http.GitAskPassApp Username for 'https://github.com': 
java_class_path (initial): C:/Program Files/Android/Android Studio/plugins/vcs-git/lib/git4idea-rt.jar;C:/Program Files/Android/Android Studio/lib/externalProcess-rt.jar
Launcher Type: SUN_STANDARD

[Global flags]
     intx CICompilerCount                          = 4                                         {product} {ergonomic}
     uint ConcGCThreads                            = 3                                         {product} {ergonomic}
     uint G1ConcRefinementThreads                  = 10                                        {product} {ergonomic}
   size_t G1HeapRegionSize                         = 1048576                                   {product} {ergonomic}
    uintx GCDrainStackTargetSize                   = 64                                        {product} {ergonomic}
   size_t InitialHeapSize                          = 130023424                                 {product} {ergonomic}
   size_t MarkStackSize                            = 4194304                                   {product} {ergonomic}
   size_t MaxHeapSize                              = 2065694720                                {product} {ergonomic}
   size_t MinHeapDeltaBytes                        = 1048576                                   {product} {ergonomic}
   size_t MinHeapSize                              = 8388608                                   {product} {ergonomic}
    uintx NonNMethodCodeHeapSize                   = 5839372                                {pd product} {ergonomic}
    uintx NonProfiledCodeHeapSize                  = 122909434                              {pd product} {ergonomic}
    uintx ProfiledCodeHeapSize                     = 122909434                              {pd product} {ergonomic}
    uintx ReservedCodeCacheSize                    = 251658240                              {pd product} {ergonomic}
     bool SegmentedCodeCache                       = true                                      {product} {ergonomic}
   size_t SoftMaxHeapSize                          = 2065694720                             {manageable} {ergonomic}
     bool UseCompressedOops                        = true                           {product lp64_product} {ergonomic}
     bool UseG1GC                                  = true                                      {product} {ergonomic}
     bool UseLargePagesIndividualAllocation        = false                                  {pd product} {ergonomic}

Logging:
Log output configuration:
 #0: stdout all=warning uptime,level,tags foldmultilines=false
 #1: stderr all=off uptime,level,tags foldmultilines=false

Environment Variables:
JAVA_HOME=C:\Program Files\jdk-24_windows-x64_bin
PATH=C:\Program Files\Git\mingw64\libexec\git-core;C:\Program Files\Git\mingw64\libexec\git-core;C:\Program Files\Git\mingw64\bin;C:\Program Files\Git\usr\bin;C:\Users\DELL\bin;C:\Program Files\Common Files\Oracle\Java\javapath;C:\Program Files\Microsoft MPI\Bin;C:\Program Files (x86)\Common Files\Intel\Shared Libraries\redist\intel64\compiler;C:\WINDOWS\system32;C:\WINDOWS;C:\WINDOWS\System32\Wbem;C:\WINDOWS\System32\WindowsPowerShell\v1.0;C:\WINDOWS\System32\OpenSSH;C:\Program Files\dotnet;C:\Program Files (x86)\Microsoft SQL Server\160\Tools\Binn;C:\Program Files\Microsoft SQL Server\160\Tools\Binn;C:\Program Files\Microsoft SQL Server\Client SDK\ODBC\170\Tools\Binn;C:\Program Files\Microsoft SQL Server\160\DTS\Binn;C:\Program Files\MongoDB\Server\8.0\bin;C:\Program Files\jdk-24_windows-x64_bin\bin;C:\Program Files\Git\cmd;C:\Users\DELL\AppData\Local\Microsoft\WindowsApps;C:\Users\DELL\AppData\Local\Programs\Microsoft VS Code\bin;C:\Program Files\MongoDB\Server\8.0\bin
USERNAME=DELL
DISPLAY=:0.0
LC_ALL=en_US.UTF-8
TERM=xterm-256color
TMPDIR=C:\Users\DELL\AppData\Local\Temp
OS=Windows_NT
PROCESSOR_IDENTIFIER=Intel64 Family 6 Model 154 Stepping 4, GenuineIntel
TMP=C:\Users\DELL\AppData\Local\Temp
TEMP=C:\Users\DELL\AppData\Local\Temp




Periodic native trim disabled

JNI global refs:
JNI global refs: 0, weak refs: 0

JNI global refs memory usage: 0, weak refs: 0

Process memory usage:
Resident Set Size: 11216K (0% of 8065780K total physical memory with 266124K free physical memory)

OOME stack traces (most recent first):
Classloader memory used:

---------------  S Y S T E M  ---------------

OS:
 Windows 11 , 64 bit Build 22621 (10.0.22621.5415)
OS uptime: 6 days 12:09 hours
Hyper-V role detected

CPU: total 12 (initial active 12) (6 cores per cpu, 2 threads per core) family 6 model 154 stepping 4 microcode 0x435, cx8, cmov, fxsr, ht, mmx, 3dnowpref, sse, sse2, sse3, ssse3, sse4.1, sse4.2, popcnt, lzcnt, tsc, tscinvbit, avx, avx2, aes, erms, clmul, bmi1, bmi2, adx, sha, fma, vzeroupper, clflush, clflushopt, clwb, hv, serialize, rdtscp, rdpid, fsrm, f16c, cet_ibt, cet_ss
Processor Information for the first 12 processors :
  Max Mhz: 1300, Current Mhz: 1300, Mhz Limit: 1300

Memory: 4k page, system-wide physical 7876M (259M free)
TotalPageFile size 32452M (AvailPageFile size 117M)
current process WorkingSet (physical memory assigned to process): 10M, peak: 10M
current process commit charge ("private bytes"): 64M, peak: 188M

vm_info: OpenJDK 64-Bit Server VM (21.0.6+-13355223-b631.42) for windows-amd64 JRE (21.0.6+-13355223-b631.42), built on 2025-04-14T18:21:23Z by "builder" with MS VC++ 16.10 / 16.11 (VS2019)

END.
